C51 COMPILER V9.59.0.0   COMMON                                                            07/02/2021 21:25:46 PAGE 1   


C51 COMPILER V9.59.0.0, COMPILATION OF MODULE COMMON
OBJECT MODULE PLACED IN .\Out_File\common.obj
COMPILER INVOKED BY: D:\APPDATA\Keil\C51\BIN\C51.EXE ..\..\Libraries\libraries\common.c LARGE OPTIMIZE(9,SPEED) BROWSE I
                    -NCDIR(..\..\Libraries\libraries;..\..\Libraries\seekfree_libraries;..\..\Libraries\seekfree_peripheral;..\USER\inc;..\US
                    -ER\src;..\..\Libraries\GUI;..\..\Libraries\User;..\..\Libraries\User_lib) DEBUG OBJECTEXTEND PRINT(.\Out_File\common.lst
                    -) TABS(2) OBJECT(.\Out_File\common.obj)

line level    source

   1          /*********************************************************************************************************
             -************
   2           * COPYRIGHT NOTICE
   3           * Copyright (c) 2020,逐飞科技
   4           * All rights reserved.
   5           * 技术讨论QQ群：一群：179029047(已满)  二群：244861897(已满)  三群：824575535
   6           *
   7           * 以下所有内容版权均属逐飞科技所有，未经允许不得用于商业用途，
   8           * 欢迎各位使用并传播本程序，修改内容时必须保留逐飞科技的版权声明。
   9           *
  10           * @file          common
  11           * @company       成都逐飞科技有限公司
  12           * @author        逐飞科技(QQ790875685)
  13           * @version       查看doc内version文件 版本说明
  14           * @Software    MDK5.27
  15           * @Target core   STC8G8K64S4
  16           * @Taobao      https://seekfree.taobao.com/
  17           * @date          2020-4-14
  18           *********************************************************************************************************
             -***********/
  19          
  20          
  21          #include "common.h"
  22          
  23          
  24          


MODULE INFORMATION:   STATIC OVERLAYABLE
   CODE SIZE        =   ----    ----
   CONSTANT SIZE    =   ----    ----
   XDATA SIZE       =   ----    ----
   PDATA SIZE       =   ----    ----
   DATA SIZE        =   ----    ----
   IDATA SIZE       =   ----    ----
   BIT SIZE         =   ----    ----
END OF MODULE INFORMATION.


C51 COMPILATION COMPLETE.  0 WARNING(S),  0 ERROR(S)
