C51 COMPILER V9.59.0.0   ISR                                                               07/02/2021 21:25:48 PAGE 1   


C51 COMPILER V9.59.0.0, COMPILATION OF MODULE ISR
OBJECT MODULE PLACED IN .\Out_File\isr.obj
COMPILER INVOKED BY: D:\APPDATA\Keil\C51\BIN\C51.EXE ..\USER\src\isr.c LARGE OPTIMIZE(9,SPEED) BROWSE INCDIR(..\..\Libra
                    -ries\libraries;..\..\Libraries\seekfree_libraries;..\..\Libraries\seekfree_peripheral;..\USER\inc;..\USER\src;..\..\Libr
                    -aries\GUI;..\..\Libraries\User;..\..\Libraries\User_lib) DEBUG OBJECTEXTEND PRINT(.\Out_File\isr.lst) TABS(2) OBJECT(.\O
                    -ut_File\isr.obj)

line level    source

   1          /*********************************************************************************************************
             -************
   2           * COPYRIGHT NOTICE
   3           * Copyright (c) 2020,逐飞科技
   4           * All rights reserved.
   5           * 技术讨论QQ群：一群：179029047(已满)  二群：244861897(已满)  三群：824575535
   6           *
   7           * 以下所有内容版权均属逐飞科技所有，未经允许不得用于商业用途，
   8           * 欢迎各位使用并传播本程序，修改内容时必须保留逐飞科技的版权声明。
   9           *
  10           * @file          isr
  11           * @company       成都逐飞科技有限公司
  12           * @author        逐飞科技(QQ790875685)
  13           * @version       查看doc内version文件 版本说明
  14           * @Software    MDK5.27
  15           * @Target core   STC8G8K64S4
  16           * @Taobao      https://seekfree.taobao.com/
  17           * @date          2020-4-14
  18           *********************************************************************************************************
             -***********/
  19          #include "headfile.h"
  20          
  21          //UART1中断
  22          void UartIsr() interrupt 4
  23          {
  24   1          uint8 res;
  25   1          static uint8 dwon_count;
  26   1          if(TI)
  27   1          {
  28   2              TI = 0;
  29   2              busy[1] = 0;
  30   2          }
  31   1          if (RI)
  32   1          {
  33   2              RI = 0;
  34   2              res = SBUF;
  35   2              //程序自动下载
  36   2              if(res == 0x7F || res == 0x80)
  37   2              {
  38   3                  if(dwon_count++ > 20)
  39   3                      IAP_CONTR = 0x60;
  40   3              }
  41   2              else
  42   2              {
  43   3                  dwon_count = 0;
  44   3              }
  45   2          }
  46   1      }
  47          
  48          //UART2中断
  49          void Uart2Isr() interrupt 8
  50          {
C51 COMPILER V9.59.0.0   ISR                                                               07/02/2021 21:25:48 PAGE 2   

  51   1          if (S2CON & 0x02)
  52   1          {
  53   2              S2CON &= ~0x02;
  54   2              busy[2] = 0;
  55   2          }
  56   1          if (S2CON & 0x01)
  57   1          {
  58   2              S2CON &= ~0x01;
  59   2              //S2BUF;
  60   2      
  61   2          }
  62   1      }
  63          
  64          
  65          //UART3中断
  66          void Uart3Isr() interrupt 17
  67          {
  68   1          if (S3CON & 0x02)
  69   1          {
  70   2              S3CON &= ~0x02;
  71   2              busy[3] = 0;
  72   2          }
  73   1          if (S3CON & 0x01)
  74   1          {
  75   2              S3CON &= ~0x01;
  76   2              //S3BUF;
  77   2      
  78   2          }
  79   1      }
  80          
  81          
  82          //UART4中断
  83          
  84          void Uart4Isr() interrupt 18
  85          {
  86   1          if (S4CON & 0x02)
  87   1          {
  88   2              S4CON &= ~0x02;
  89   2              busy[4] = 0;
  90   2          }
  91   1          if (S4CON & 0x01)
  92   1          {
  93   2              S4CON &= ~0x01;
  94   2      
  95   2              //S4BUF;
  96   2      
  97   2          }
  98   1      }
  99          //PCA周期定时器中断
 100          void PCA_Isr() interrupt 7
 101          {
 102   1      
 103   1          if(CCF0 == 1)
 104   1          {
 105   2              //清除中断标志位
 106   2              CCF0 = 0;
 107   2              //重载计数器
 108   2              CCAP0L = ccp_value[0];
 109   2              CCAP0H = ccp_value[0] >> 8;
 110   2              ccp_value[0] += pca_time_ms[0];
 111   2      
 112   2      
C51 COMPILER V9.59.0.0   ISR                                                               07/02/2021 21:25:48 PAGE 3   

 113   2          }
 114   1      
 115   1          if(CCF1 == 1)
 116   1          {
 117   2              //清除中断标志位
 118   2              CCF1 = 0;
 119   2              //重载计数器
 120   2              CCAP1L = ccp_value[1];
 121   2              CCAP1H = ccp_value[1] >> 8;
 122   2              ccp_value[1] += pca_time_ms[1];
 123   2      
 124   2          }
 125   1      
 126   1      
 127   1      
 128   1      //  PCA_2已做延时
 129   1      //  if(CCF2 == 1)
 130   1      //  {
 131   1      //    //清除中断标志位
 132   1      //    CCF2 = 0;
 133   1      //    //重载计数器
 134   1      //    CCAP2L = ccp_value[2];
 135   1      //    CCAP2H = ccp_value[2] >> 8;
 136   1      //    ccp_value[2] += pca_time_ms[2];
 137   1      //  }
 138   1      
 139   1      }
 140          
 141          
 142          
 143          void INT0_Isr() interrupt 0
 144          {
 145   1      
 146   1      }
 147          void INT1_Isr() interrupt 2
 148          {
 149   1      
 150   1      }
 151          void INT2_Isr() interrupt 10
 152          {
 153   1      
 154   1      }
 155          void INT3_Isr() interrupt 11
 156          {
 157   1      
 158   1      }
 159          
 160          void INT4_Isr() interrupt 16
 161          {
 162   1      
 163   1      }
 164          
 165          


MODULE INFORMATION:   STATIC OVERLAYABLE
   CODE SIZE        =    292    ----
   CONSTANT SIZE    =   ----    ----
   XDATA SIZE       =      1    ----
   PDATA SIZE       =   ----    ----
   DATA SIZE        =   ----    ----
   IDATA SIZE       =   ----    ----
C51 COMPILER V9.59.0.0   ISR                                                               07/02/2021 21:25:48 PAGE 4   

   BIT SIZE         =   ----    ----
END OF MODULE INFORMATION.


C51 COMPILATION COMPLETE.  0 WARNING(S),  0 ERROR(S)
