C51 COMPILER V9.59.0.0   ZF_GPIO                                                           07/02/2021 21:25:47 PAGE 1   


C51 COMPILER V9.59.0.0, COMPILATION OF MODULE ZF_GPIO
OBJECT MODULE PLACED IN .\Out_File\zf_gpio.obj
COMPILER INVOKED BY: D:\APPDATA\Keil\C51\BIN\C51.EXE ..\..\Libraries\seekfree_libraries\zf_gpio.c LARGE OPTIMIZE(9,SPEED
                    -) BROWSE INCDIR(..\..\Libraries\libraries;..\..\Libraries\seekfree_libraries;..\..\Libraries\seekfree_peripheral;..\USER
                    -\inc;..\USER\src;..\..\Libraries\GUI;..\..\Libraries\User;..\..\Libraries\User_lib) DEBUG OBJECTEXTEND PRINT(.\Out_File\
                    -zf_gpio.lst) TABS(2) OBJECT(.\Out_File\zf_gpio.obj)

line level    source

   1          /*********************************************************************************************************
             -************
   2           * COPYRIGHT NOTICE
   3           * Copyright (c) 2020,逐飞科技
   4           * All rights reserved.
   5           * 技术讨论QQ群：一群：179029047(已满)  二群：244861897(已满)  三群：824575535
   6           *
   7           * 以下所有内容版权均属逐飞科技所有，未经允许不得用于商业用途，
   8           * 欢迎各位使用并传播本程序，修改内容时必须保留逐飞科技的版权声明。
   9           *
  10           * @file          gpio
  11           * @company       成都逐飞科技有限公司
  12           * @author        逐飞科技(QQ790875685)
  13           * @version       查看doc内version文件 版本说明
  14           * @Software    MDK5.27
  15           * @Target core   STC8G8K64S4
  16           * @Taobao      https://seekfree.taobao.com/
  17           * @date          2020-4-14
  18           *********************************************************************************************************
             -***********/
  19          
  20          
  21          #include "zf_gpio.h"
  22          
  23          
  24          
  25          
  26          
  27          
  28          #define PxPU_BASE_ADDR  0xFE10 
  29          
  30          //--------------------------------------------------------------------------------------------------------
             ------------
  31          //  @brief      GPIO设置引脚上拉电阻设置
  32          //  @param      pin         选择引脚（P0_0-P5_4）
  33          //  @param      pull        设置上下拉电阻 NOPULL:不设置 PULLUP:上拉
  34          //  @return     void
  35          //  Sample usage:           gpio_pull_set(P0_0,NOPULL);       // 设置P0.0引脚没有上下拉电阻
  36          //--------------------------------------------------------------------------------------------------------
             ------------
  37          void gpio_pull_set(PIN_enum pin, PULL_enum pull)
  38          {
  39   1        if(PULLUP == pull)
  40   1        {
  41   2          (*(unsigned char volatile xdata *)(PxPU_BASE_ADDR + (pin >> 4))) |= (1<<(pin&0x0F));
  42   2        }
  43   1        else if(NOPULL == pull)
  44   1        {
  45   2          (*(unsigned char volatile xdata *)(PxPU_BASE_ADDR + (pin >> 4))) &= ~(1<<(pin&0x0F));
  46   2        }
  47   1      }
  48          
C51 COMPILER V9.59.0.0   ZF_GPIO                                                           07/02/2021 21:25:47 PAGE 2   

  49          
  50          
  51          //--------------------------------------------------------------------------------------------------------
             ------------
  52          //  @brief      GPIO设置引脚模式
  53          //  @param      pin         选择引脚（P0_0-P5_4）
  54          //  @param      mode        引脚模式 GPIO:准双向口, GPO_PP:推挽输出, GPI_IMPEDANCE:高阻输入, GPI_OD:开漏输
             -出
  55          //  @return     void
  56          //  Sample usage:           gpio_mode(P0_0,GPIO);       // 设置P0.0设置为双向IO
  57          //--------------------------------------------------------------------------------------------------------
             ------------
  58          void gpio_mode(PIN_enum pin, GPIOMODE_enum mode)
  59          {
  60   1        if(GPIO == mode)
  61   1        {
  62   2          if(0x00 == (pin&0xF0))  //P0
  63   2          {
  64   3            P0M1 &= ~(1<<(pin&0xF));
  65   3            P0M0 &= ~(1<<(pin&0xF));
  66   3          }
  67   2          if(0x10 == (pin&0xF0))  //P1
  68   2          {
  69   3            P1M1 &= ~(1<<(pin&0xF));
  70   3            P1M0 &= ~(1<<(pin&0xF));
  71   3          }
  72   2          if(0x20 == (pin&0xF0))  //P2
  73   2          {
  74   3            P2M1 &= ~(1<<(pin&0xF));
  75   3            P2M0 &= ~(1<<(pin&0xF));
  76   3          }
  77   2          
  78   2          if(0x30 == (pin&0xF0))  //P3
  79   2          {
  80   3            P3M1 &= ~(1<<(pin&0xF));
  81   3            P3M0 &= ~(1<<(pin&0xF));
  82   3          }
  83   2          if(0x40 == (pin&0xF0))  //P4
  84   2          {
  85   3            P4M1 &= ~(1<<(pin&0xF));
  86   3            P4M0 &= ~(1<<(pin&0xF));
  87   3          }
  88   2          if(0x50 == (pin&0xF0))  //P5
  89   2          {
  90   3            P5M1 &= ~(1<<(pin&0xF));
  91   3            P5M0 &= ~(1<<(pin&0xF));
  92   3          }
  93   2        }
  94   1        else if(GPO_PP == mode)
  95   1        {
  96   2          if(0x00 == (pin&0xF0))  //P0
  97   2          {
  98   3            P0M1 &= ~(1<<(pin&0xF));
  99   3            P0M0 |=  (1<<(pin&0xF));
 100   3          }
 101   2          if(0x10 == (pin&0xF0))  //P1
 102   2          {
 103   3            P1M1 &= ~(1<<(pin&0xF));
 104   3            P1M0 |=  (1<<(pin&0xF));
 105   3          }
 106   2          if(0x20 == (pin&0xF0))  //P2
 107   2          {
C51 COMPILER V9.59.0.0   ZF_GPIO                                                           07/02/2021 21:25:47 PAGE 3   

 108   3            P2M1 &= ~(1<<(pin&0xF));
 109   3            P2M0 |=  (1<<(pin&0xF));
 110   3          }
 111   2          
 112   2          if(0x30 == (pin&0xF0))  //P3
 113   2          {
 114   3            P3M1 &= ~(1<<(pin&0xF));
 115   3            P3M0 |=  (1<<(pin&0xF));
 116   3          }
 117   2          if(0x40 == (pin&0xF0))  //P4
 118   2          {
 119   3            P4M1 &= ~(1<<(pin&0xF));
 120   3            P4M0 |=  (1<<(pin&0xF));
 121   3          }
 122   2          if(0x50 == (pin&0xF0))  //P5
 123   2          {
 124   3            P5M1 &= ~(1<<(pin&0xF));
 125   3            P5M0 |=  (1<<(pin&0xF));
 126   3          }
 127   2        }
 128   1        else if(GPI_IMPEDANCE == mode)
 129   1        {
 130   2          if(0x00 == (pin&0xF0))  //P0
 131   2          {
 132   3            P0M1 |=  (1<<(pin&0xF));
 133   3            P0M0 &= ~(1<<(pin&0xF));
 134   3          }
 135   2          if(0x10 == (pin&0xF0))  //P1
 136   2          {
 137   3            P1M1 |=  (1<<(pin&0xF));
 138   3            P1M0 &= ~(1<<(pin&0xF));
 139   3          }
 140   2          if(0x20 == (pin&0xF0))  //P2
 141   2          {
 142   3            P2M1 |=  (1<<(pin&0xF));
 143   3            P2M0 &= ~(1<<(pin&0xF));
 144   3          }
 145   2          
 146   2          if(0x30 == (pin&0xF0))  //P3
 147   2          {
 148   3            P3M1 |=  (1<<(pin&0xF));
 149   3            P3M0 &= ~(1<<(pin&0xF));
 150   3          }
 151   2          if(0x40 == (pin&0xF0))  //P4
 152   2          {
 153   3            P4M1 |=  (1<<(pin&0xF));
 154   3            P4M0 &= ~(1<<(pin&0xF));
 155   3          }
 156   2          if(0x50 == (pin&0xF0))  //P5
 157   2          {
 158   3            P5M1 |=  (1<<(pin&0xF));
 159   3            P5M0 &= ~(1<<(pin&0xF));
 160   3          }
 161   2        }
 162   1        else if(GPI_OD == mode)
 163   1        {
 164   2          if(0x00 == (pin&0xF0))  //P0
 165   2          {
 166   3            P0M1 |= (1<<(pin&0xF));
 167   3            P0M0 |= (1<<(pin&0xF));
 168   3          }
 169   2          if(0x10 == (pin&0xF0))  //P1
C51 COMPILER V9.59.0.0   ZF_GPIO                                                           07/02/2021 21:25:47 PAGE 4   

 170   2          {
 171   3            P1M1 |= (1<<(pin&0xF));
 172   3            P1M0 |= (1<<(pin&0xF));
 173   3          }
 174   2          if(0x20 == (pin&0xF0))  //P2
 175   2          {
 176   3            P2M1 |= (1<<(pin&0xF));
 177   3            P2M0 |= (1<<(pin&0xF));
 178   3          }
 179   2          
 180   2          if(0x30 == (pin&0xF0))  //P3
 181   2          {
 182   3            P3M1 |= (1<<(pin&0xF));
 183   3            P3M0 |= (1<<(pin&0xF));
 184   3          }
 185   2          if(0x40 == (pin&0xF0))  //P4
 186   2          {
 187   3            P4M1 |= (1<<(pin&0xF));
 188   3            P4M0 |= (1<<(pin&0xF));
 189   3          }
 190   2          if(0x50 == (pin&0xF0))  //P5
 191   2          {
 192   3            P5M1 |= (1<<(pin&0xF));
 193   3            P5M0 |= (1<<(pin&0xF));
 194   3          }
 195   2        }
 196   1      }
 197          


MODULE INFORMATION:   STATIC OVERLAYABLE
   CODE SIZE        =    650    ----
   CONSTANT SIZE    =   ----    ----
   XDATA SIZE       =   ----    ----
   PDATA SIZE       =   ----    ----
   DATA SIZE        =   ----    ----
   IDATA SIZE       =   ----    ----
   BIT SIZE         =   ----    ----
END OF MODULE INFORMATION.


C51 COMPILATION COMPLETE.  0 WARNING(S),  0 ERROR(S)
