C51 COMPILER V9.59.0.0   ZF_PCA_DELAY                                                      07/02/2021 21:25:47 PAGE 1   


C51 COMPILER V9.59.0.0, COMPILATION OF MODULE ZF_PCA_DELAY
OBJECT MODULE PLACED IN .\Out_File\zf_pca_delay.obj
COMPILER INVOKED BY: D:\APPDATA\Keil\C51\BIN\C51.EXE ..\..\Libraries\seekfree_libraries\zf_pca_delay.c LARGE OPTIMIZE(9,
                    -SPEED) BROWSE INCDIR(..\..\Libraries\libraries;..\..\Libraries\seekfree_libraries;..\..\Libraries\seekfree_peripheral;..
                    -\USER\inc;..\USER\src;..\..\Libraries\GUI;..\..\Libraries\User;..\..\Libraries\User_lib) DEBUG OBJECTEXTEND PRINT(.\Out_
                    -File\zf_pca_delay.lst) TABS(2) OBJECT(.\Out_File\zf_pca_delay.obj)

line level    source

   1          /*********************************************************************************************************
             -************
   2           * COPYRIGHT NOTICE
   3           * Copyright (c) 2020,逐飞科技
   4           * All rights reserved.
   5           * 技术讨论QQ群：一群：179029047(已满)  二群：244861897(已满)  三群：824575535
   6           *
   7           * 以下所有内容版权均属逐飞科技所有，未经允许不得用于商业用途，
   8           * 欢迎各位使用并传播本程序，修改内容时必须保留逐飞科技的版权声明。
   9           *
  10           * @file          delay
  11           * @company       成都逐飞科技有限公司
  12           * @author        逐飞科技(QQ790875685)
  13           * @version       查看doc内version文件 版本说明
  14           * @Software    MDK5.27
  15           * @Target core   STC8G8K64S4
  16           * @Taobao      https://seekfree.taobao.com/
  17           * @date          2020-4-14
  18           *********************************************************************************************************
             -***********/
  19          
  20          #include "zf_pca_delay.h"
  21          #include "board.h"
  22          
  23          uint16 pca_delay_1ms = 0;
  24          //--------------------------------------------------------------------------------------------------------
             ------------
  25          //  @brief      pca延时初始化（使用pca_2模块）
  26          //  @param      NULL              
  27          //  @return     void
  28          //  Sample usage:               无需用户调用，用户请使用h文件中的宏定义
  29          //--------------------------------------------------------------------------------------------------------
             ------------
  30          void pca_dealy_init(void)
  31          {
  32   1        pca_delay_1ms = ((sys_clk) / (12 * 1000));
  33   1        CCAPM2 = 0x48;  //PCA_2作为软件延时
  34   1        CMOD = 0X00;  //频率=FSOC/12
  35   1        CR = 1;     //启动计数
  36   1      }
  37          //--------------------------------------------------------------------------------------------------------
             ------------
  38          //  @brief      内部使用用户无需关心
  39          //  @param      NULL              
  40          //  @return     void
  41          //  Sample usage:               无需用户调用，用户请使用h文件中的宏定义
  42          //--------------------------------------------------------------------------------------------------------
             ------------
  43          void pca_delay(void)
  44          {
  45   1        uint16 temp;
  46   1      
C51 COMPILER V9.59.0.0   ZF_PCA_DELAY                                                      07/02/2021 21:25:47 PAGE 2   

  47   1        temp = (CH<<8 | CL) + pca_delay_1ms;
  48   1        
  49   1        CCAP2L = temp;
  50   1        CCAP2H = (temp >> 8); 
  51   1        
  52   1        while(CCF2 == 0);
  53   1        CCF2 = 0;
  54   1      }
  55          
  56          //--------------------------------------------------------------------------------------------------------
             ------------
  57          //  @brief      pca延时函数
  58          //  @param      x             需要延时的时间（us）
  59          //  @return     void
  60          //  Sample usage:               无需用户调用，用户请使用h文件中的宏定义
  61          //--------------------------------------------------------------------------------------------------------
             ------------
  62          void pca_delay_ms(uint16 ms)
  63          {
  64   1        while(ms--) pca_delay();
  65   1      }


MODULE INFORMATION:   STATIC OVERLAYABLE
   CODE SIZE        =     90    ----
   CONSTANT SIZE    =   ----    ----
   XDATA SIZE       =      2    ----
   PDATA SIZE       =   ----    ----
   DATA SIZE        =   ----    ----
   IDATA SIZE       =   ----    ----
   BIT SIZE         =   ----    ----
END OF MODULE INFORMATION.


C51 COMPILATION COMPLETE.  0 WARNING(S),  0 ERROR(S)
